C51 COMPILER V9.53.0.0   INTERRUPTS                                                        09/13/2016 14:20:00 PAGE 1   


C51 COMPILER V9.53.0.0, COMPILATION OF MODULE INTERRUPTS
OBJECT MODULE PLACED IN .\src\Interrupts.OBJ
COMPILER INVOKED BY: c:\SiliconLabs\SimplicityStudio\v3\developer\toolchains\keil_8051\9.53\BIN\C51.exe C:\Users\clfilho
                    -\SimplicityStudio\v3_workspace\myProject - DAC Enabled\src\Interrupts.c OMF2 SMALL DEBUG OBJECTEXTEND ROM(LARGE) WARNING
                    -LEVEL(2) FLOATFUZZY(3) OPTIMIZE(8,SPEED) INTVECTOR(0X0000) INTPROMOTE INCDIR(C:/Users/clfilho/SimplicityStudio/v3_worksp
                    -ace/myProject - DAC Enabled/inc;C:/SiliconLabs/SimplicityStudio/v3/developer/sdks/si8051/v3//Device/shared/si8051Base;C:
                    -/SiliconLabs/SimplicityStudio/v3/developer/sdks/si8051/v3//Device/EFM8BB3;C:/SiliconLabs/SimplicityStudio/v3/developer/s
                    -dks/si8051/v3//Device/EFM8BB3/inc) PRINT(.\src\Interrupts.lst) COND PAGEWIDTH(120) PAGELENGTH(65) OBJECT(.\src\Interrupt
                    -s.OBJ)

line level    source

   1          //=========================================================
   2          // src/Interrupts.c: generated by Hardware Configurator
   3          //
   4          // This file will be regenerated when saving a document.
   5          // leave the sections inside the "$[...]" comment tags alone
   6          // or they will be overwritten!!
   7          //=========================================================
   8          
   9          // USER INCLUDES
  10          #include <SI_EFM8BB3_Register_Enums.h>
  11          
  12          SI_SBIT (TEST1,SFR_P3, 3);                         //Test LED
  13          #define ToogleTest1() TEST1^=1;
  14          
  15          
  16          //-----------------------------------------------------------------------------
  17          // TIMER0_ISR
  18          //-----------------------------------------------------------------------------
  19          //
  20          // TIMER0 ISR Content goes here. Remember to clear flag bits:
  21          // TCON::TF0 (Timer 0 Overflow Flag)
  22          //
  23          //-----------------------------------------------------------------------------
  24          SI_INTERRUPT (TIMER0_ISR, TIMER0_IRQn)
  25          {
  26   1              SFRPAGE = 0x00;
  27   1      
  28   1              TCON &= 0xdf; //Clear the interrupt Flag
  29   1      
  30   1              TCON |= 0x40; //Timer 1 Run
  31   1      
  32   1      
  33   1      //      ToogleTest1();
  34   1      
  35   1              if (TL1>10)
  36   1              {
  37   2                      ToogleTest1();
  38   2                      TL1=0;
  39   2                      TH1=0;
  40   2              }
  41   1      
  42   1      //      TL1=0;
  43   1      //      TH1=0;
  44   1      
  45   1      }
  46          


MODULE INFORMATION:   STATIC OVERLAYABLE
   CODE SIZE        =     39    ----
C51 COMPILER V9.53.0.0   INTERRUPTS                                                        09/13/2016 14:20:00 PAGE 2   

   CONSTANT SIZE    =   ----    ----
   XDATA SIZE       =   ----    ----
   PDATA SIZE       =   ----    ----
   DATA SIZE        =   ----    ----
   IDATA SIZE       =   ----    ----
   BIT SIZE         =   ----    ----
   EDATA SIZE       =   ----    ----
   HDATA SIZE       =   ----    ----
   XDATA CONST SIZE =   ----    ----
   FAR CONST SIZE   =   ----    ----
END OF MODULE INFORMATION.


C51 COMPILATION COMPLETE.  0 WARNING(S),  0 ERROR(S)
