C51 COMPILER V9.53.0.0   MYPROJECT_MAIN                                                    10/04/2016 11:04:51 PAGE 1   


C51 COMPILER V9.53.0.0, COMPILATION OF MODULE MYPROJECT_MAIN
OBJECT MODULE PLACED IN .\src\myProject_main.OBJ
COMPILER INVOKED BY: c:\SiliconLabs\SimplicityStudio\v3\developer\toolchains\keil_8051\9.53\BIN\C51.exe C:\Users\john\Si
                    -mplicityStudio\v3_workspace\Soraa - MR16\src\myProject_main.c OMF2 SMALL DEBUG OBJECTEXTEND ROM(LARGE) WARNINGLEVEL(2) F
                    -LOATFUZZY(3) OPTIMIZE(8,SPEED) INTVECTOR(0X0000) INTPROMOTE INCDIR(C:/Users/john/SimplicityStudio/v3_workspace/Soraa - M
                    -R16/inc;C:/SiliconLabs/SimplicityStudio/v3/developer/sdks/si8051/v3//Device/shared/si8051Base;C:/SiliconLabs/SimplicityS
                    -tudio/v3/developer/sdks/si8051/v3//Device/EFM8BB3;C:/SiliconLabs/SimplicityStudio/v3/developer/sdks/si8051/v3//Device/EF
                    -M8BB3/inc) PRINT(.\src\myProject_main.lst) COND PAGEWIDTH(120) PAGELENGTH(65) OBJECT(.\src\myProject_main.OBJ)

line level    source

   1          //-----------------------------------------------------------------------------
   2          // Includes
   3          //-----------------------------------------------------------------------------
   4          #include <SI_EFM8BB3_Register_Enums.h>                  // SFR declarations
   5          #include "InitDevice.h"
   6          #include "PID.h"
   7          // $[Generated Includes]
   8          // [Generated Includes]$
   9          uint8_t delay;
  10          //-----------------------------------------------------------------------------
  11          // main() Routine
  12          // ----------------------------------------------------------------------------
  13          int main(void) {
  14   1              // Call hardware initialization routine
  15   1      
  16   1              enter_DefaultMode_from_RESET();
  17   1      
  18   1              //SetDACOutput(2000);
  19   1      
  20   1              while (1) {
  21   2      // $[Generated Run-time code]
  22   2      // [Generated Run-time code]$
  23   2              }
  24   1      }
  25          


MODULE INFORMATION:   STATIC OVERLAYABLE
   CODE SIZE        =      5    ----
   CONSTANT SIZE    =   ----    ----
   XDATA SIZE       =   ----    ----
   PDATA SIZE       =   ----    ----
   DATA SIZE        =      1    ----
   IDATA SIZE       =   ----    ----
   BIT SIZE         =   ----    ----
   EDATA SIZE       =   ----    ----
   HDATA SIZE       =   ----    ----
   XDATA CONST SIZE =   ----    ----
   FAR CONST SIZE   =   ----    ----
END OF MODULE INFORMATION.


C51 COMPILATION COMPLETE.  0 WARNING(S),  0 ERROR(S)
